<?xml version="1.0" encoding="UTF-8"?>
<testsuite xmlns:xsi="http://www.w3.org/2001/XMLSchema-instance" xsi:noNamespaceSchemaLocation="https://maven.apache.org/surefire/maven-surefire-plugin/xsd/surefire-test-report.xsd" name="cucumberOptions.TestRunner" time="15.703" tests="4" errors="0" skipped="0" failures="0">
  <properties>
[...]
</properties>
  <testcase name="User is on Greencart landing page" classname="Search for items and validate results" time="12.193"/>
  <testcase name="User searched for Cucumber Vegetable" classname="Search for items and validate results" time="2.224"/>
  <testcase name="&quot;Cucumber&quot; result are displayed" classname="Search for items and validate results" time="0.074"/>
  <testcase name="Search for items and validate results" classname="Search for items and validate results" time="0.15"/>
</testsuite>